			 7-Jan-86 15:02:11

BATCON Version	105(5015)			GLXLIB Version	5(1516)

	    Job UCODES Req #390 for -TL- [10,44] in stream 4

	OUTPUT:	 Nolog				TIME-LIMIT: 4:00:00
	UNIQUE:	 Yes				BATCH-LOG:  Supersede
	RESTART: Yes				ASSISTANCE: No
	CORE:    500 pages			SEQUENCE:   1124


	Control file: BLKK:UCODES.CTL[7,3,KSU]
	Log file:     BLKK:UCODES.LOG[7,3,KSU]

15:02:11 MONITR	^C
15:02:15 MONITR	
15:02:15 MONITR	.LOGIN 10,44 [7,3,KSU] -
15:02:16 USER	Job 44  RN250A DEC10 TRISMP  TTY434
15:02:16 USER	#/BATCH:(INTERVENTION:NO,NAME:"UCODES",SEQUENCE:1124,STREAM:4,REQUESTID:390)/AC-
15:02:16 USER	#COUNT:"""-tl-"""/NAME:"-TL-  "/CORE:500P/DEFER/LOCATE:26/SPOOL:ALL/TIME:14400
15:02:17 USER	[LGNTCI Timesharing will cease in 8 hours 57 minutes at 23:59:00]
15:02:17 USER	[LGNJSP Other jobs same PPN:45]
15:02:17 USER	[LGNLAS Last access to [10,44] succeeded on  7-Jan-86:14:30:55]
15:02:18 USER	%LGNCSP Can not set path to [7,3,KSU]
15:02:18 USER	15:02    7-Jan-86   Tuesday
15:02:23 USER	[Terminal type is BATCH]
15:02:23 MONITR	
15:02:23 MONITR	.
15:02:23 HEADER	$STEP KSU
15:02:23 HEADER	$MOUNT BLKK:
15:02:23 BATCH	.MOUNT BLKK:
15:02:28 USER	[Mount request BLKK queued, request #391]
15:02:31 USER	[Structure BLKK mounted]
15:02:31 MONITR	
15:02:31 MONITR	.
15:02:31 HEADER	$ENDHDR
15:02:31 HEADER	[3 lines processed in step KSU header]
15:02:31 BATCH	.PATH [7,3,KSU]
15:02:33 MONITR	
15:02:33 MONITR	.PATH DEC:=BLKK:[7,3,SMFILE],DEC:
15:02:34 MONITR	
15:02:34 MONITR	.
15:02:34 COMENT	!.CTL FILE TO BUILD THE VARIOUS KS-10 MICROCODES.
15:02:34 COMENT	!
15:02:34 COMENT	!
15:02:34 COMENT	!CHECK FOR THE INPUT FILES
15:02:34 COMENT	!
15:02:34 BATCH	.ERROR %
15:02:34 BATCH	.DIRECT/CHECKS KS10.CMD,T10KI.CMD,T10KL.CMD,MICRO.EXE,DEC:SMFILE.EXE
15:02:39 USER	
15:02:39 USER	
15:02:39 USER	KS10    CMD     1  <477>   561707  24-Sep-77    BLKK:   [7,3,KSU]
15:02:41 USER	T10KI   CMD     1  <477>   143534  11-Aug-84
15:02:44 USER	T10KL   CMD     1  <477>   103540  26-Jul-84
15:02:46 USER	MICRO   EXE    92  <477>   212535  27-Apr-84    31(254)
15:02:47 USER	SMFILE  EXE   100  <455>   163742  17-Dec-85    2(5)    [7,3,SMFILE]
15:02:48 USER	SMFILE  EXE   168  <055>   314251  19-Feb-79    (3)     DSKA:   [10,7]
15:02:48 USER	  Total of 363 blocks in 6 files Checksum = 603142
15:02:48 MONITR	
15:02:48 MONITR	.DIRECT/CHECKS T10KI.MIC,T10KL.MIC,KS10.MIC,SIMPLE.MIC,FLT.MIC,-
15:02:48 USER	#       EXTEND.MIC,INOUT.MIC,PAGEF.MIC
15:02:52 USER	
15:02:52 USER	
15:02:52 USER	T10KI   MIC     1  <477>   666667  10-Apr-85    BLKK:   [7,3,KSU]
15:02:54 USER	T10KL   MIC     1  <477>   101503  10-Apr-85
15:02:59 USER	KS10    MIC   126  <477>   675176   7-Jan-86
15:03:02 USER	SIMPLE  MIC   113  <477>   034271  11-Nov-85
15:03:07 USER	FLT     MIC    26  <477>   317063  20-Mar-81
15:03:09 USER	EXTEND  MIC    49  <477>   007137  26-Jul-84
15:03:13 USER	INOUT   MIC    44  <477>   543316   7-Jan-86
15:03:15 USER	PAGEF   MIC    38  <477>   253450  10-Apr-85
15:03:15 USER	  Total of 398 blocks in 8 files Checksum = 175125
15:03:15 MONITR	
15:03:15 MONITR	.
15:03:15 BATCH	.ERROR
15:03:15 BATCH	.SET DEFAULT PROTECTION 477
15:03:15 MONITR	
15:03:15 MONITR	.
15:03:15 COMENT	!
15:03:15 COMENT	!BUILD THE DEFAULT (TOPS-20, TOPS-10 7.01, AND DIAGNOSTIC UCODE)
15:03:15 COMENT	!
15:03:15 BATCH	.RUN MICRO
15:03:15 USER	
15:03:18 USER	*@KS10.CMD
15:04:36 USER	KS10 MICROCODE V130, 7-JAN-86
15:06:40 USER	
15:06:40 USER	
15:06:40 USER	; Number of microwords used: 
15:06:40 USER	;       D words= 512
15:06:40 USER	;       U words= 2024, Highest= 2047
15:06:54 USER	
15:06:54 USER	No errors detected
15:06:54 USER	End of microcode assembly
15:06:54 USER	319 pages of listing
15:06:54 USER	Used 47.87 seconds, 118 pages of core
15:06:54 USER	  Symbol table: 31P
15:06:54 USER	  Text strings: 9P
15:06:54 USER	  Loc'n assignment: 18P
15:06:54 USER	  Cross reference: 53P
15:06:56 MONITR	
15:06:56 MONITR	.
15:06:56 IGNORE	=^Z
15:06:56 BATCH	.DO SMFILE.MIC KS10
15:06:57 MONITR	
15:06:57 MONITR	.This Kludge is necessary because SMFILE won run under batch.
15:06:57 MONITR	MIC TYPE "RUN DEC:SMFILE
15:06:58 USER	--READ KS10.ULD
15:06:59 USER	--E CRAM 136
15:06:59 USER	--E CRAM 137
15:07:00 USER	--OUTPUT RAM KS10.RAM
15:07:00 USER	--EXIT
15:07:00 USER	--"
15:07:00 USER	RUN DEC:SMFILE

15:07:00 USER	READ KS10.ULD		
15:07:00 USER	.

15:07:00 USER	E CRAM 136

15:07:00 USER	E CRAM 137

15:07:00 USER	OUTPUT RAM KS10.RA
15:07:00 USER	M

15:07:00 USER	EXIT

15:07:02 USER	
15:07:02 USER	DECSYSTEM 2020 DIAGNOSTICS FE-FILE PROGRAM
15:07:02 USER	VERSION 2.5, TOPS-10, KL10, CPU#=1026
15:07:02 USER	[FOR HELP TYPE "HELP"]
15:07:02 USER	SMFILE>
15:07:02 USER	
15:07:02 USER	SMFILE>READ KS10.ULD
15:07:14 USER	SMFILE>
15:07:14 USER	
15:07:14 USER	SMFILE>E CRAM 136
15:07:14 USER	SHOULD BE:      000136/14000307400300200000411723654302
15:07:14 USER	
15:07:14 USER	C    J   #  ALU S/D  A/B RBM SPEC DISP SKIP T C SC FE FM MC DV MP C/LR M
15:07:14 USER	0 1400 000020 4 113 0305 417   00   70   33 0 0  0  0  0  0  0  0  4 4 0
15:07:14 USER	
15:07:14 USER	SMFILE>
15:07:14 USER	
15:07:14 USER	SMFILE>E CRAM 137
15:07:14 USER	SHOULD BE:      000137/36130707400001300003377760454102
15:07:14 USER	
15:07:14 USER	C    J   #  ALU S/D  A/B RBM SPEC DISP SKIP T C SC FE FM MC DV MP C/LR M
15:07:14 USER	0 3613 030130 3 771 0005 437   00   70   70 0 0  0  0  0  0  0  0  4 0 0
15:07:14 USER	
15:07:14 USER	SMFILE>
15:07:14 USER	
15:07:14 USER	SMFILE>OUTPUT RAM KS10.RAM
15:07:18 USER	SMFILE>
15:07:18 USER	
15:07:18 USER	SMFILE>EXIT
15:07:18 MONITR	
15:07:18 MONITR	EXIT
15:07:18 MONITR	
15:07:18 MONITR	..
15:07:18 COMENT	!
15:07:18 COMENT	!BUILD THE SPECIAL TOPS-10 V7.02 UBABLT MICROCODE
15:07:18 COMENT	!
15:07:18 BATCH	..RUN MICRO
15:07:18 USER	
15:07:21 USER	*@T10KI.CMD
15:08:14 USER	KS10 MICROCODE V130, 7-JAN-86
15:09:37 USER	
15:09:37 USER	
15:09:37 USER	; Number of microwords used: 
15:09:37 USER	;       D words= 512
15:09:37 USER	;       U words= 1955, Highest= 2047
15:09:47 USER	
15:09:47 USER	No errors detected
15:09:47 USER	End of microcode assembly
15:09:47 USER	319 pages of listing
15:09:47 USER	Used 46.72 seconds, 116 pages of core
15:09:47 USER	  Symbol table: 30P
15:09:47 USER	  Text strings: 9P
15:09:47 USER	  Loc'n assignment: 18P
15:09:47 USER	  Cross reference: 51P
15:09:48 MONITR	
15:09:48 MONITR	.
15:09:48 IGNORE	=^Z
15:09:48 BATCH	.DO SMFILE.MIC T10KI
15:09:50 MONITR	
15:09:50 MONITR	.This Kludge is necessary because SMFILE won run under batch.
15:09:51 MONITR	MIC TYPE "RUN DEC:SMFILE
15:09:51 USER	--READ T10KI.ULD
15:09:51 USER	--E CRAM 136
15:09:52 USER	--E CRAM 137
15:09:52 USER	--OUTPUT RAM T10KI.RAM
15:09:52 USER	--EXIT
15:09:52 USER	--"
15:09:52 MONITR	
15:09:52 MONITR	.RUN DEC:SMFILE

15:09:52 MONITR	READ T10KI.ULD

15:09:52 MONITR	E CRAM 136

15:09:52 MONITR	E CRAM 137

15:09:52 MONITR	OUTPUT RAM T10KI.
15:09:52 USER	RAM

15:09:52 USER	EXIT

15:09:53 USER	
15:09:53 USER	DECSYSTEM 2020 DIAGNOSTICS FE-FILE PROGRAM
15:09:53 USER	VERSION 2.5, TOPS-10, KL10, CPU#=1026
15:09:53 USER	[FOR HELP TYPE "HELP"]
15:09:53 USER	SMFILE>
15:09:54 USER	
15:09:54 USER	SMFILE>READ T10KI.ULD
15:09:59 USER	SMFILE>
15:09:59 USER	
15:09:59 USER	SMFILE>E CRAM 136
15:09:59 USER	SHOULD BE:      000136/14000307400300200000411723654302
15:09:59 USER	
15:09:59 USER	C    J   #  ALU S/D  A/B RBM SPEC DISP SKIP T C SC FE FM MC DV MP C/LR M
15:09:59 USER	0 1400 000020 4 113 0305 417   00   70   33 0 0  0  0  0  0  0  0  4 4 0
15:09:59 USER	
15:09:59 USER	SMFILE>
15:09:59 USER	
15:09:59 USER	SMFILE>E CRAM 137
15:09:59 USER	SHOULD BE:      000137/35140707000001300006377760454102
15:09:59 USER	
15:09:59 USER	C    J   #  ALU S/D  A/B RBM SPEC DISP SKIP T C SC FE FM MC DV MP C/LR M
15:09:59 USER	0 3514 060130 3 771 0005 437   00   70   70 0 0  0  0  0  0  0  0  4 0 0
15:09:59 USER	
15:09:59 USER	SMFILE>
15:09:59 USER	
15:09:59 USER	SMFILE>OUTPUT RAM T10KI.RAM
15:10:02 USER	SMFILE>
15:10:02 USER	
15:10:02 USER	SMFILE>EXIT
15:10:02 MONITR	
15:10:02 MONITR	EXIT
15:10:02 MONITR	
15:10:02 MONITR	..
15:10:03 COMENT	!
15:10:03 COMENT	!BUILD THE SPECIAL TOPS-10 V7.03 UBABLT/INHCST MICROCODE
15:10:03 COMENT	!
15:10:03 BATCH	.RUN MICRO
15:10:03 USER	
15:10:04 USER	*@T10KL.CMD
15:10:52 USER	KS10 MICROCODE V130, 7-JAN-86
15:12:08 USER	
15:12:08 USER	
15:12:08 USER	; Number of microwords used: 
15:12:08 USER	;       D words= 512
15:12:08 USER	;       U words= 2033, Highest= 2047
15:12:16 USER	
15:12:16 USER	No errors detected
15:12:16 USER	End of microcode assembly
15:12:16 USER	320 pages of listing
15:12:16 USER	Used 48.02 seconds, 119 pages of core
15:12:16 USER	  Symbol table: 31P
15:12:16 USER	  Text strings: 9P
15:12:16 USER	  Loc'n assignment: 18P
15:12:16 USER	  Cross reference: 53P
15:12:17 MONITR	
15:12:17 MONITR	.
15:12:17 IGNORE	=^Z
15:12:17 BATCH	.DO SMFILE.MIC T10KL
15:12:17 MONITR	
15:12:17 MONITR	.This Kludge is necessary because SMFILE won run under batch.
15:12:18 MONITR	MIC TYPE "RUN DEC:SMFILE
15:12:18 USER	--READ T10KL.ULD
15:12:18 USER	--E CRAM 136
15:12:18 USER	--E CRAM 137
15:12:18 USER	--OUTPUT RAM T10KL.RAM
15:12:18 USER	--EXIT
15:12:18 USER	--"
15:12:18 USER	RUN DEC:SMFILE

15:12:18 USER	READ T10KL.ULD

15:12:18 USER	E CRAM 136

15:12:18 USER	E CRAM 137

15:12:18 USER	OUTPUT RAM T10
15:12:18 USER	.KL.
15:12:18 USER	RAM

15:12:18 USER	EXIT

15:12:19 USER	
15:12:19 USER	DECSYSTEM 2020 DIAGNOSTICS FE-FILE PROGRAM
15:12:19 USER	VERSION 2.5, TOPS-10, KL10, CPU#=1026
15:12:19 USER	[FOR HELP TYPE "HELP"]
15:12:19 USER	SMFILE>
15:12:19 USER	
15:12:19 USER	SMFILE>READ T10KL.ULD
15:12:24 USER	SMFILE>
15:12:24 USER	
15:12:24 USER	SMFILE>E CRAM 136
15:12:24 USER	SHOULD BE:      000136/14000307400300200000411723654302
15:12:24 USER	
15:12:24 USER	C    J   #  ALU S/D  A/B RBM SPEC DISP SKIP T C SC FE FM MC DV MP C/LR M
15:12:24 USER	0 1400 000020 4 113 0305 417   00   70   33 0 0  0  0  0  0  0  0  4 4 0
15:12:24 USER	
15:12:24 USER	SMFILE>
15:12:24 USER	
15:12:24 USER	SMFILE>E CRAM 137
15:12:24 USER	SHOULD BE:      000137/36270707000001300045377760454100
15:12:24 USER	
15:12:24 USER	C    J   #  ALU S/D  A/B RBM SPEC DISP SKIP T C SC FE FM MC DV MP C/LR M
15:12:24 USER	0 3627 450130 3 771 0005 437   00   70   70 0 0  0  0  0  0  0  0  4 0 0
15:12:24 USER	
15:12:24 USER	SMFILE>
15:12:24 USER	
15:12:24 USER	SMFILE>OUTPUT RAM T10KL.RAM
15:12:27 USER	SMFILE>
15:12:27 USER	
15:12:27 USER	SMFILE>EXIT
15:12:28 MONITR	
15:12:28 MONITR	EXIT
15:12:28 MONITR	
15:12:28 MONITR	..
15:12:28 COMENT	!
15:12:28 COMENT	!BUILD THE DOC FILE
15:12:28 COMENT	!
15:12:28 BATCH	..R RUNOFF
15:12:28 USER	
15:12:29 USER	*KS10.DOC=KS10.RND
15:12:31 USER	?WLDLKE Protection failure file DSK:KS10.DOC[7,3]
15:12:31 USER	*
15:12:31 IGNORE	=^Z
15:12:31 COMENT	!
15:12:31 COMENT	!CHECK THE RESULTS
15:12:31 COMENT	!
15:12:31 IGNORE	.DIRECT/CHECKS KS10.ULD,KS10.MCR,T10KI.ULD,T10KI.MCR,T10KL.ULD,T10KL.MCR
15:12:31 BATECF	? End of control file while searching for label %CERR
15:12:31 BATCH	.DUMP
15:12:31 DUMP		-- Batch Stream and Job Data --
15:12:31 DUMP	Stream:
15:12:31 DUMP		Job in error
15:12:31 DUMP		Error:     Operator:     Silenced: No
15:12:31 DUMP		Processing node: KL1026(26)
15:12:31 DUMP		Last step: KSU
15:12:31 DUMP		Last label: 
15:12:31 DUMP		Last CHKPNT: 
15:12:31 DUMP		Last line to job: 
15:12:31 DUMP		Last line from job: *
15:12:31 DUMP		Last line to OPR: Label %CERR not found
15:12:31 DUMP		Last line from OPR: 
15:12:31 DUMP		Last Batch command: ERROR
15:12:31 DUMP	Job:
15:12:31 DUMP		Job: 44
15:12:31 DUMP		TTY434
15:12:31 DUMP		User: [10,44]
15:12:31 DUMP		Program: RUNOFF
15:12:31 DUMP		Located at: KL1026(26)
15:12:31 DUMP			-- End of Dump --
15:12:31 BATCH	*^C
15:12:31 MONITR	
15:12:31 MONITR	.
15:12:31 BATCH	.CLOSE
15:12:31 MONITR	
15:12:31 MONITR	
15:12:31 MONITR	.
15:12:31 BATCH	.
15:12:31 BATCH	.KJOB/BATCH
15:12:32 USER	
15:12:32 USER	[LGTOUL Other users logged-in under [10,44], Jobs: 45]
15:12:40 USER	Job 44  User -TL-  [10,44]
15:12:40 USER	Logged-off TTY434  at 15:12:40  on  7-Jan-86
15:12:40 USER	Runtime: 0:02:36, KCS:7854, Connect time: 0:10:24
15:12:40 USER	Disk Reads:4100, Writes:3995
